<?xml version="1.0" encoding="UTF-8"?>
<!-- Generated by org.testng.reporters.JUnitReportReporter -->
<testsuite skipped="1" hostname="Samrat" name="com.tests.RegistrationPageTest" tests="9" failures="0" timestamp="16 Feb 2022 18:29:16 GMT" time="1.414" errors="0">
  <testcase name="verify_RegPage_Scenario" time="0.000" classname="com.tests.RegistrationPageTest">
    <skipped/>
  </testcase> <!-- verify_RegPage_Scenario -->
  <testcase name="verify_RegPage_Title" time="0.004" classname="com.tests.RegistrationPageTest"/>
  <testcase name="verify_RegPage_Form_AllError" time="0.161" classname="com.tests.RegistrationPageTest"/>
  <testcase name="verify_RegPage_PopUp_Text" time="0.470" classname="com.tests.RegistrationPageTest"/>
  <testcase name="verify_RegPage_RegisterMembershipText" time="0.029" classname="com.tests.RegistrationPageTest"/>
  <testcase name="verify_RegPage_JBKText" time="0.028" classname="com.tests.RegistrationPageTest"/>
  <testcase name="verify_RegPage_AlreadyMembership_Text" time="0.044" classname="com.tests.RegistrationPageTest"/>
  <testcase name="verify_RegPage_AlreadyMembership_Clickable" time="0.242" classname="com.tests.RegistrationPageTest"/>
  <testcase name="verify_RegPage_Successful_PopUp_Handled" time="0.436" classname="com.tests.RegistrationPageTest"/>
</testsuite> <!-- com.tests.RegistrationPageTest -->
