<?xml version="1.0" encoding="UTF-8"?>
<!-- Generated by org.testng.reporters.JUnitReportReporter -->
<testsuite skipped="1" hostname="Samrat" name="com.tests.RegistrationPageTest" tests="9" failures="0" timestamp="12 Feb 2022 15:41:54 GMT" time="1.370" errors="0">
  <testcase name="verify_RegPage_Scenario" time="0.002" classname="com.tests.RegistrationPageTest">
    <skipped/>
  </testcase> <!-- verify_RegPage_Scenario -->
  <testcase name="verify_RegPage_Title" time="0.007" classname="com.tests.RegistrationPageTest"/>
  <testcase name="verify_RegPage_Form_AllError" time="0.144" classname="com.tests.RegistrationPageTest"/>
  <testcase name="verify_RegPage_PopUp_Text" time="0.501" classname="com.tests.RegistrationPageTest"/>
  <testcase name="verify_RegPage_RegisterMembershipText" time="0.032" classname="com.tests.RegistrationPageTest"/>
  <testcase name="verify_RegPage_JBKText" time="0.020" classname="com.tests.RegistrationPageTest"/>
  <testcase name="verify_RegPage_AlreadyMembership_Text" time="0.032" classname="com.tests.RegistrationPageTest"/>
  <testcase name="verify_RegPage_AlreadyMembership_Clickable" time="0.172" classname="com.tests.RegistrationPageTest"/>
  <testcase name="verify_RegPage_Successful_PopUp_Handled" time="0.460" classname="com.tests.RegistrationPageTest"/>
</testsuite> <!-- com.tests.RegistrationPageTest -->
