<?xml version="1.0" encoding="UTF-8"?>
<!-- Generated by org.testng.reporters.JUnitReportReporter -->
<testsuite skipped="1" hostname="Samrat" name="com.tests.LoginPageTest" tests="11" failures="0" timestamp="16 Feb 2022 18:29:16 GMT" time="15.473" errors="0">
  <testcase name="verify_LoginPage_CorrectCredential" time="13.968" classname="com.tests.LoginPageTest"/>
  <testcase name="verify_LoginPage_WrongEmail_WrongPassword" time="0.397" classname="com.tests.LoginPageTest"/>
  <testcase name="verify_LoginPage_Scenario" time="0.003" classname="com.tests.LoginPageTest">
    <skipped/>
  </testcase> <!-- verify_LoginPage_Scenario -->
  <testcase name="verify_LoginPage_StartSessionText" time="0.043" classname="com.tests.LoginPageTest"/>
  <testcase name="verify_LoginPage_Title" time="0.013" classname="com.tests.LoginPageTest"/>
  <testcase name="verify_LoginPage_RegisterMembershipClickable" time="0.225" classname="com.tests.LoginPageTest"/>
  <testcase name="verify_LoginPage_NoData_Error" time="0.296" classname="com.tests.LoginPageTest"/>
  <testcase name="verify_LoginPage_JBKLogo" time="0.081" classname="com.tests.LoginPageTest"/>
  <testcase name="verify_LoginPage_Invalid_EmailError" time="0.366" classname="com.tests.LoginPageTest"/>
  <testcase name="verify_LoginPage_RegisterMembershipText" time="0.046" classname="com.tests.LoginPageTest"/>
  <testcase name="verify_LoginPage_JBKName" time="0.035" classname="com.tests.LoginPageTest"/>
</testsuite> <!-- com.tests.LoginPageTest -->
